# JRE version: Java(TM) SE Runtime Environment (8.0_25-b17) (build 1.8.0_25-b17)
# Java VM: Java HotSpot(TM) 64-Bit Server VM (25.25-b02 mixed mode linux-amd64 compressed oops)
Heap:
 PSYoungGen      total 128000K, used 74084K [0x00000000f7b00000, 0x0000000100000000, 0x0000000100000000)
  eden space 119808K, 59% used [0x00000000f7b00000,0x00000000fc0c5738,0x00000000ff000000)
  from space 8192K, 32% used [0x00000000ff000000,0x00000000ff293c68,0x00000000ff800000)
  to   space 7680K, 0% used [0x00000000ff880000,0x00000000ff880000,0x0000000100000000)
 ParOldGen       total 29184K, used 17695K [0x00000000e7000000, 0x00000000e8c80000, 0x00000000f7b00000)
  object space 29184K, 60% used [0x00000000e7000000,0x00000000e8147d68,0x00000000e8c80000)
 Metaspace       used 34797K, capacity 34993K, committed 35416K, reserved 1081344K
  class space    used 4343K, capacity 4400K, committed 4480K, reserved 1048576K
GC Heap History (10 events):
Event: 23.334 GC heap before
{Heap before GC invocations=14 (full 0):
 PSYoungGen      total 84992K, used 52440K [0x00000000f7b00000, 0x0000000100000000, 0x0000000100000000)
  eden space 81920K, 60% used [0x00000000f7b00000,0x00000000fab39e80,0x00000000fcb00000)
  from space 3072K, 99% used [0x00000000fcb00000,0x00000000fcdfc290,0x00000000fce00000)
  to   space 4608K, 0% used [0x00000000ffb80000,0x00000000ffb80000,0x0000000100000000)
 ParOldGen       total 42496K, used 7422K [0x00000000e7000000, 0x00000000e9980000, 0x00000000f7b00000)
  object space 42496K, 17% used [0x00000000e7000000,0x00000000e773fbb8,0x00000000e9980000)
 Metaspace       used 20848K, capacity 21044K, committed 21248K, reserved 1067008K
  class space    used 2678K, capacity 2741K, committed 2816K, reserved 1048576K
Event: 23.338 GC heap after
Heap after GC invocations=14 (full 0):
 PSYoungGen      total 131584K, used 1020K [0x00000000f7b00000, 0x0000000100000000, 0x0000000100000000)
  eden space 126976K, 0% used [0x00000000f7b00000,0x00000000f7b00000,0x00000000ff700000)
  from space 4608K, 22% used [0x00000000ffb80000,0x00000000ffc7f068,0x0000000100000000)
  to   space 4608K, 0% used [0x00000000ff700000,0x00000000ff700000,0x00000000ffb80000)
 ParOldGen       total 42496K, used 10228K [0x00000000e7000000, 0x00000000e9980000, 0x00000000f7b00000)
  object space 42496K, 24% used [0x00000000e7000000,0x00000000e79fd1f0,0x00000000e9980000)
 Metaspace       used 20848K, capacity 21044K, committed 21248K, reserved 1067008K
  class space    used 2678K, capacity 2741K, committed 2816K, reserved 1048576K
}
Event: 23.338 GC heap before
{Heap before GC invocations=15 (full 1):
 PSYoungGen      total 131584K, used 1020K [0x00000000f7b00000, 0x0000000100000000, 0x0000000100000000)
  eden space 126976K, 0% used [0x00000000f7b00000,0x00000000f7b00000,0x00000000ff700000)
  from space 4608K, 22% used [0x00000000ffb80000,0x00000000ffc7f068,0x0000000100000000)
  to   space 4608K, 0% used [0x00000000ff700000,0x00000000ff700000,0x00000000ffb80000)
 ParOldGen       total 42496K, used 10228K [0x00000000e7000000, 0x00000000e9980000, 0x00000000f7b00000)
  object space 42496K, 24% used [0x00000000e7000000,0x00000000e79fd1f0,0x00000000e9980000)
 Metaspace       used 20848K, capacity 21044K, committed 21248K, reserved 1067008K
  class space    used 2678K, capacity 2741K, committed 2816K, reserved 1048576K
Event: 23.387 GC heap after
Heap after GC invocations=15 (full 1):
 PSYoungGen      total 131584K, used 0K [0x00000000f7b00000, 0x0000000100000000, 0x0000000100000000)
  eden space 126976K, 0% used [0x00000000f7b00000,0x00000000f7b00000,0x00000000ff700000)
  from space 4608K, 0% used [0x00000000ffb80000,0x00000000ffb80000,0x0000000100000000)
  to   space 4608K, 0% used [0x00000000ff700000,0x00000000ff700000,0x00000000ffb80000)
 ParOldGen       total 29184K, used 7456K [0x00000000e7000000, 0x00000000e8c80000, 0x00000000f7b00000)
  object space 29184K, 25% used [0x00000000e7000000,0x00000000e7748228,0x00000000e8c80000)
 Metaspace       used 20846K, capacity 21042K, committed 21248K, reserved 1067008K
  class space    used 2678K, capacity 2740K, committed 2816K, reserved 1048576K
}
Event: 25.234 GC heap before
{Heap before GC invocations=16 (full 1):
 PSYoungGen      total 131584K, used 126976K [0x00000000f7b00000, 0x0000000100000000, 0x0000000100000000)
  eden space 126976K, 100% used [0x00000000f7b00000,0x00000000ff700000,0x00000000ff700000)
  from space 4608K, 0% used [0x00000000ffb80000,0x00000000ffb80000,0x0000000100000000)
  to   space 4608K, 0% used [0x00000000ff700000,0x00000000ff700000,0x00000000ffb80000)
 ParOldGen       total 29184K, used 7456K [0x00000000e7000000, 0x00000000e8c80000, 0x00000000f7b00000)
  object space 29184K, 25% used [0x00000000e7000000,0x00000000e7748228,0x00000000e8c80000)
 Metaspace       used 24849K, capacity 25080K, committed 25216K, reserved 1071104K
  class space    used 3363K, capacity 3445K, committed 3456K, reserved 1048576K
Event: 25.249 GC heap after
Heap after GC invocations=16 (full 1):
 PSYoungGen      total 131584K, used 4600K [0x00000000f7b00000, 0x0000000100000000, 0x0000000100000000)
  eden space 126976K, 0% used [0x00000000f7b00000,0x00000000f7b00000,0x00000000ff700000)
  from space 4608K, 99% used [0x00000000ff700000,0x00000000ffb7e2f8,0x00000000ffb80000)
  to   space 4608K, 0% used [0x00000000ffb80000,0x00000000ffb80000,0x0000000100000000)
 ParOldGen       total 29184K, used 9236K [0x00000000e7000000, 0x00000000e8c80000, 0x00000000f7b00000)
  object space 29184K, 31% used [0x00000000e7000000,0x00000000e7905388,0x00000000e8c80000)
 Metaspace       used 24849K, capacity 25080K, committed 25216K, reserved 1071104K
  class space    used 3363K, capacity 3445K, committed 3456K, reserved 1048576K
}
Event: 34.065 GC heap before
{Heap before GC invocations=17 (full 1):
 PSYoungGen      total 131584K, used 131576K [0x00000000f7b00000, 0x0000000100000000, 0x0000000100000000)
  eden space 126976K, 100% used [0x00000000f7b00000,0x00000000ff700000,0x00000000ff700000)
  from space 4608K, 99% used [0x00000000ff700000,0x00000000ffb7e2f8,0x00000000ffb80000)
  to   space 4608K, 0% used [0x00000000ffb80000,0x00000000ffb80000,0x0000000100000000)
 ParOldGen       total 29184K, used 9236K [0x00000000e7000000, 0x00000000e8c80000, 0x00000000f7b00000)
  object space 29184K, 31% used [0x00000000e7000000,0x00000000e7905388,0x00000000e8c80000)
 Metaspace       used 30454K, capacity 30660K, committed 30976K, reserved 1077248K
  class space    used 4031K, capacity 4087K, committed 4096K, reserved 1048576K
Event: 34.078 GC heap after
Heap after GC invocations=17 (full 1):
 PSYoungGen      total 124416K, used 4578K [0x00000000f7b00000, 0x0000000100000000, 0x0000000100000000)
  eden space 119808K, 0% used [0x00000000f7b00000,0x00000000f7b00000,0x00000000ff000000)
  from space 4608K, 99% used [0x00000000ffb80000,0x00000000ffff88a8,0x0000000100000000)
  to   space 8192K, 0% used [0x00000000ff000000,0x00000000ff000000,0x00000000ff800000)
 ParOldGen       total 29184K, used 13235K [0x00000000e7000000, 0x00000000e8c80000, 0x00000000f7b00000)
  object space 29184K, 45% used [0x00000000e7000000,0x00000000e7cece18,0x00000000e8c80000)
 Metaspace       used 30454K, capacity 30660K, committed 30976K, reserved 1077248K
  class space    used 4031K, capacity 4087K, committed 4096K, reserved 1048576K
}
Event: 34.828 GC heap before
{Heap before GC invocations=18 (full 1):
 PSYoungGen      total 124416K, used 124386K [0x00000000f7b00000, 0x0000000100000000, 0x0000000100000000)
  eden space 119808K, 100% used [0x00000000f7b00000,0x00000000ff000000,0x00000000ff000000)
  from space 4608K, 99% used [0x00000000ffb80000,0x00000000ffff88a8,0x0000000100000000)
  to   space 8192K, 0% used [0x00000000ff000000,0x00000000ff000000,0x00000000ff800000)
 ParOldGen       total 29184K, used 13235K [0x00000000e7000000, 0x00000000e8c80000, 0x00000000f7b00000)
  object space 29184K, 45% used [0x00000000e7000000,0x00000000e7cece18,0x00000000e8c80000)
 Metaspace       used 31856K, capacity 32068K, committed 32512K, reserved 1077248K
  class space    used 4210K, capacity 4279K, committed 4352K, reserved 1048576K
Event: 34.835 GC heap after
Heap after GC invocations=18 (full 1):
 PSYoungGen      total 128000K, used 2639K [0x00000000f7b00000, 0x0000000100000000, 0x0000000100000000)
  eden space 119808K, 0% used [0x00000000f7b00000,0x00000000f7b00000,0x00000000ff000000)
  from space 8192K, 32% used [0x00000000ff000000,0x00000000ff293c68,0x00000000ff800000)
  to   space 7680K, 0% used [0x00000000ff880000,0x00000000ff880000,0x0000000100000000)
 ParOldGen       total 29184K, used 17695K [0x00000000e7000000, 0x00000000e8c80000, 0x00000000f7b00000)
  object space 29184K, 60% used [0x00000000e7000000,0x00000000e8147d68,0x00000000e8c80000)
 Metaspace       used 31856K, capacity 32068K, committed 32512K, reserved 1077248K
  class space    used 4210K, capacity 4279K, committed 4352K, reserved 1048576K
}

