# JRE version: Java(TM) SE Runtime Environment (7.0_71-b14) (build 1.7.0_71-b14)
# Java VM: Java HotSpot(TM) 64-Bit Server VM (24.71-b01 mixed mode bsd-amd64 compressed oops)
Heap
 PSYoungGen      total 36352K, used 23064K [0x00000007f7a80000, 0x00000007fa080000, 0x0000000800000000)
  eden space 33792K, 66% used [0x00000007f7a80000,0x00000007f905e010,0x00000007f9b80000)
  from space 2560K, 26% used [0x00000007f9e00000,0x00000007f9ea8000,0x00000007fa080000)
  to   space 2560K, 0% used [0x00000007f9b80000,0x00000007f9b80000,0x00000007f9e00000)
 ParOldGen       total 43520K, used 1035K [0x00000007e7000000, 0x00000007e9a80000, 0x00000007f7a80000)
  object space 43520K, 2% used [0x00000007e7000000,0x00000007e7102d48,0x00000007e9a80000)
 PSPermGen       total 21504K, used 7623K [0x00000007e1e00000, 0x00000007e3300000, 0x00000007e7000000)
  object space 21504K, 35% used [0x00000007e1e00000,0x00000007e2571fe0,0x00000007e3300000)
GC Heap History (10 events):
Event: 23.100 GC heap before
{Heap before GC invocations=4 (full 0):
 PSYoungGen      total 19456K, used 18320K [0x00000007f7a80000, 0x00000007f9000000, 0x0000000800000000)
  eden space 16896K, 100% used [0x00000007f7a80000,0x00000007f8b00000,0x00000007f8b00000)
  from space 2560K, 55% used [0x00000007f8b00000,0x00000007f8c64010,0x00000007f8d80000)
  to   space 2560K, 0% used [0x00000007f8d80000,0x00000007f8d80000,0x00000007f9000000)
 ParOldGen       total 43520K, used 24K [0x00000007e7000000, 0x00000007e9a80000, 0x00000007f7a80000)
  object space 43520K, 0% used [0x00000007e7000000,0x00000007e7006000,0x00000007e9a80000)
 PSPermGen       total 21504K, used 6211K [0x00000007e1e00000, 0x00000007e3300000, 0x00000007e7000000)
  object space 21504K, 28% used [0x00000007e1e00000,0x00000007e2410f18,0x00000007e3300000)
Event: 23.105 GC heap after
Heap after GC invocations=4 (full 0):
 PSYoungGen      total 19456K, used 1320K [0x00000007f7a80000, 0x00000007f9000000, 0x0000000800000000)
  eden space 16896K, 0% used [0x00000007f7a80000,0x00000007f7a80000,0x00000007f8b00000)
  from space 2560K, 51% used [0x00000007f8d80000,0x00000007f8eca040,0x00000007f9000000)
  to   space 2560K, 0% used [0x00000007f8b00000,0x00000007f8b00000,0x00000007f8d80000)
 ParOldGen       total 43520K, used 96K [0x00000007e7000000, 0x00000007e9a80000, 0x00000007f7a80000)
  object space 43520K, 0% used [0x00000007e7000000,0x00000007e7018010,0x00000007e9a80000)
 PSPermGen       total 21504K, used 6211K [0x00000007e1e00000, 0x00000007e3300000, 0x00000007e7000000)
  object space 21504K, 28% used [0x00000007e1e00000,0x00000007e2410f18,0x00000007e3300000)
}
Event: 24.418 GC heap before
{Heap before GC invocations=5 (full 0):
 PSYoungGen      total 19456K, used 18216K [0x00000007f7a80000, 0x00000007f9000000, 0x0000000800000000)
  eden space 16896K, 100% used [0x00000007f7a80000,0x00000007f8b00000,0x00000007f8b00000)
  from space 2560K, 51% used [0x00000007f8d80000,0x00000007f8eca040,0x00000007f9000000)
  to   space 2560K, 0% used [0x00000007f8b00000,0x00000007f8b00000,0x00000007f8d80000)
 ParOldGen       total 43520K, used 96K [0x00000007e7000000, 0x00000007e9a80000, 0x00000007f7a80000)
  object space 43520K, 0% used [0x00000007e7000000,0x00000007e7018010,0x00000007e9a80000)
 PSPermGen       total 21504K, used 6464K [0x00000007e1e00000, 0x00000007e3300000, 0x00000007e7000000)
  object space 21504K, 30% used [0x00000007e1e00000,0x00000007e2450210,0x00000007e3300000)
Event: 24.435 GC heap after
Heap after GC invocations=5 (full 0):
 PSYoungGen      total 19456K, used 1664K [0x00000007f7a80000, 0x00000007f9000000, 0x0000000800000000)
  eden space 16896K, 0% used [0x00000007f7a80000,0x00000007f7a80000,0x00000007f8b00000)
  from space 2560K, 65% used [0x00000007f8b00000,0x00000007f8ca0020,0x00000007f8d80000)
  to   space 2560K, 0% used [0x00000007f8d80000,0x00000007f8d80000,0x00000007f9000000)
 ParOldGen       total 43520K, used 96K [0x00000007e7000000, 0x00000007e9a80000, 0x00000007f7a80000)
  object space 43520K, 0% used [0x00000007e7000000,0x00000007e7018010,0x00000007e9a80000)
 PSPermGen       total 21504K, used 6464K [0x00000007e1e00000, 0x00000007e3300000, 0x00000007e7000000)
  object space 21504K, 30% used [0x00000007e1e00000,0x00000007e2450210,0x00000007e3300000)
}
Event: 24.769 GC heap before
{Heap before GC invocations=6 (full 0):
 PSYoungGen      total 19456K, used 18560K [0x00000007f7a80000, 0x00000007f9000000, 0x0000000800000000)
  eden space 16896K, 100% used [0x00000007f7a80000,0x00000007f8b00000,0x00000007f8b00000)
  from space 2560K, 65% used [0x00000007f8b00000,0x00000007f8ca0020,0x00000007f8d80000)
  to   space 2560K, 0% used [0x00000007f8d80000,0x00000007f8d80000,0x00000007f9000000)
 ParOldGen       total 43520K, used 96K [0x00000007e7000000, 0x00000007e9a80000, 0x00000007f7a80000)
  object space 43520K, 0% used [0x00000007e7000000,0x00000007e7018010,0x00000007e9a80000)
 PSPermGen       total 21504K, used 6475K [0x00000007e1e00000, 0x00000007e3300000, 0x00000007e7000000)
  object space 21504K, 30% used [0x00000007e1e00000,0x00000007e2452c20,0x00000007e3300000)
Event: 24.775 GC heap after
Heap after GC invocations=6 (full 0):
 PSYoungGen      total 19456K, used 1591K [0x00000007f7a80000, 0x00000007f9000000, 0x0000000800000000)
  eden space 16896K, 0% used [0x00000007f7a80000,0x00000007f7a80000,0x00000007f8b00000)
  from space 2560K, 62% used [0x00000007f8d80000,0x00000007f8f0dc98,0x00000007f9000000)
  to   space 2560K, 0% used [0x00000007f8b00000,0x00000007f8b00000,0x00000007f8d80000)
 ParOldGen       total 43520K, used 104K [0x00000007e7000000, 0x00000007e9a80000, 0x00000007f7a80000)
  object space 43520K, 0% used [0x00000007e7000000,0x00000007e701a010,0x00000007e9a80000)
 PSPermGen       total 21504K, used 6475K [0x00000007e1e00000, 0x00000007e3300000, 0x00000007e7000000)
  object space 21504K, 30% used [0x00000007e1e00000,0x00000007e2452c20,0x00000007e3300000)
}
Event: 25.014 GC heap before
{Heap before GC invocations=7 (full 0):
 PSYoungGen      total 19456K, used 18487K [0x00000007f7a80000, 0x00000007f9000000, 0x0000000800000000)
  eden space 16896K, 100% used [0x00000007f7a80000,0x00000007f8b00000,0x00000007f8b00000)
  from space 2560K, 62% used [0x00000007f8d80000,0x00000007f8f0dc98,0x00000007f9000000)
  to   space 2560K, 0% used [0x00000007f8b00000,0x00000007f8b00000,0x00000007f8d80000)
 ParOldGen       total 43520K, used 104K [0x00000007e7000000, 0x00000007e9a80000, 0x00000007f7a80000)
  object space 43520K, 0% used [0x00000007e7000000,0x00000007e701a010,0x00000007e9a80000)
 PSPermGen       total 21504K, used 6487K [0x00000007e1e00000, 0x00000007e3300000, 0x00000007e7000000)
  object space 21504K, 30% used [0x00000007e1e00000,0x00000007e2455e28,0x00000007e3300000)
Event: 25.019 GC heap after
Heap after GC invocations=7 (full 0):
 PSYoungGen      total 19456K, used 951K [0x00000007f7a80000, 0x00000007fa080000, 0x0000000800000000)
  eden space 16896K, 0% used [0x00000007f7a80000,0x00000007f7a80000,0x00000007f8b00000)
  from space 2560K, 37% used [0x00000007f8b00000,0x00000007f8bedc98,0x00000007f8d80000)
  to   space 2560K, 0% used [0x00000007f9e00000,0x00000007f9e00000,0x00000007fa080000)
 ParOldGen       total 43520K, used 740K [0x00000007e7000000, 0x00000007e9a80000, 0x00000007f7a80000)
  object space 43520K, 1% used [0x00000007e7000000,0x00000007e70b9090,0x00000007e9a80000)
 PSPermGen       total 21504K, used 6487K [0x00000007e1e00000, 0x00000007e3300000, 0x00000007e7000000)
  object space 21504K, 30% used [0x00000007e1e00000,0x00000007e2455e28,0x00000007e3300000)
}
Event: 25.120 GC heap before
{Heap before GC invocations=8 (full 0):
 PSYoungGen      total 19456K, used 17847K [0x00000007f7a80000, 0x00000007fa080000, 0x0000000800000000)
  eden space 16896K, 100% used [0x00000007f7a80000,0x00000007f8b00000,0x00000007f8b00000)
  from space 2560K, 37% used [0x00000007f8b00000,0x00000007f8bedc98,0x00000007f8d80000)
  to   space 2560K, 0% used [0x00000007f9e00000,0x00000007f9e00000,0x00000007fa080000)
 ParOldGen       total 43520K, used 740K [0x00000007e7000000, 0x00000007e9a80000, 0x00000007f7a80000)
  object space 43520K, 1% used [0x00000007e7000000,0x00000007e70b9090,0x00000007e9a80000)
 PSPermGen       total 21504K, used 6499K [0x00000007e1e00000, 0x00000007e3300000, 0x00000007e7000000)
  object space 21504K, 30% used [0x00000007e1e00000,0x00000007e2458dc0,0x00000007e3300000)
Event: 25.123 GC heap after
Heap after GC invocations=8 (full 0):
 PSYoungGen      total 36352K, used 672K [0x00000007f7a80000, 0x00000007fa080000, 0x0000000800000000)
  eden space 33792K, 0% used [0x00000007f7a80000,0x00000007f7a80000,0x00000007f9b80000)
  from space 2560K, 26% used [0x00000007f9e00000,0x00000007f9ea8000,0x00000007fa080000)
  to   space 2560K, 0% used [0x00000007f9b80000,0x00000007f9b80000,0x00000007f9e00000)
 ParOldGen       total 43520K, used 1035K [0x00000007e7000000, 0x00000007e9a80000, 0x00000007f7a80000)
  object space 43520K, 2% used [0x00000007e7000000,0x00000007e7102d48,0x00000007e9a80000)
 PSPermGen       total 21504K, used 6499K [0x00000007e1e00000, 0x00000007e3300000, 0x00000007e7000000)
  object space 21504K, 30% used [0x00000007e1e00000,0x00000007e2458dc0,0x00000007e3300000)
}

